\BOOKMARK [0][-]{chapter.1}{\376\377\136\163\227\142\127\006\225\045\146\362\176\277}{}% 1
\BOOKMARK [1][-]{section.1.1}{\376\377\116\000\116\052\123\302\145\160\123\026\146\362\176\277\166\204\117\213\133\120}{chapter.1}% 2
\BOOKMARK [1][-]{section.1.2}{\376\377\166\370\117\074\166\204\117\213\133\120}{chapter.1}% 3
\BOOKMARK [1][-]{section.1.3}{\376\377\000Q\0002\116\055\166\204\127\006\225\045\146\362\176\277}{chapter.1}% 4
\BOOKMARK [1][-]{section.1.4}{\376\377\134\004\137\161\136\163\227\142\000P\0002\000R}{chapter.1}% 5
\BOOKMARK [1][-]{section.1.5}{\376\377\136\163\227\142\146\362\176\277\166\204\145\271\172\013}{chapter.1}% 6
\BOOKMARK [1][-]{section.1.6}{\376\377\000P\0002\116\055\136\163\227\142\146\362\176\277\166\204\122\006\174\173}{chapter.1}% 7
\BOOKMARK [1][-]{section.1.7}{\376\377\146\362\176\277\123\302\145\160\123\026}{chapter.1}% 8
\BOOKMARK [1][-]{section.1.8}{\376\377\0002\116\052\123\330\221\317\166\204\237\120\153\041\127\213}{chapter.1}% 9
\BOOKMARK [1][-]{section.1.9}{\376\377\215\035\171\126\133\232\164\006\166\204\173\200\123\125\140\305\121\265}{chapter.1}% 10
\BOOKMARK [1][-]{section.1.10}{\376\377\143\250\213\272}{chapter.1}% 11
\BOOKMARK [1][-]{section.1.11}{\376\377\142\100\147\011\116\214\153\041\146\362\176\277\166\204\172\172\225\364}{chapter.1}% 12
\BOOKMARK [1][-]{section.1.12}{\376\377\116\044\147\141\127\006\225\045\146\362\176\277\166\204\116\244\160\271}{chapter.1}% 13
\BOOKMARK [1][-]{section.1.13}{\376\377\220\000\123\026\166\204\127\006\225\045\146\362\176\277\145\317}{chapter.1}% 14
\BOOKMARK [1][-]{section.1.14}{\376\377\116\000\116\233\133\236\117\213}{chapter.1}% 15
\BOOKMARK [2][-]{subsection.1.14.1}{\376\377\200\003\206\121\220\032\217\307\000\040\000\050\000-\0001\000,\000-\0002\000\051\000\040\166\204\166\364\176\277\000,\134\006\116\214\153\041\146\362\176\277\000C\000:\000\050\000x\0002\000+\000y\0002\000=\0005\000\051\123\302\145\160\123\026\000.\136\166\142\176\121\372\000\050\000x\0002\000+\000y\0002\000=\0005\000\051\166\204\142\100\147\011\147\011\164\006\211\343\000.}{section.1.14}% 16
\BOOKMARK [2][-]{subsection.1.14.2}{\376\377\000p\146\057\215\050\145\160\000,\163\034\140\363\000x\0002\000+\000y\0002\000=\000p\147\011\147\011\164\006\211\343\166\204\121\105\211\201\147\141\116\366\000,\213\301\146\016\117\140\166\204\163\034\140\363\000.\000\040}{section.1.14}% 17
\BOOKMARK [2][-]{subsection.1.14.3}{\376\377\213\301\146\016\0001\000.\0003\116\055\166\204\226\110\217\360\000:\116\377\134\004\123\330\143\142\123\357\116\345\134\006\116\373\117\125\116\000\147\141\127\006\225\045\146\362\176\277\123\330\116\072\0001\000-\0001\0002\116\055\166\204\137\142\137\017\000.}{section.1.14}% 18
\BOOKMARK [2][-]{subsection.1.14.4}{\376\377\133\371\0001\000.\0003\116\055\166\204\116\377\134\004\127\006\225\045\146\362\176\277\124\214\0001\000.\0006\116\055\166\204\134\004\137\161\127\006\225\045\146\362\176\277\217\333\210\114\213\346\176\306\166\204\153\324\217\203}{section.1.14}% 19
\BOOKMARK [2][-]{subsection.1.14.5}{\376\377\000\040\000k\000\040\116\072\162\171\137\201\120\074\116\015\116\072\0002\166\204\116\373\141\017\145\160\127\337\000,\000\040\000V\000\040\146\057\000\040\000k\000\040\116\012\166\204\116\011\176\364\124\021\221\317\172\172\225\364\000,\000\040\000Q\000:\000V\000\040\000k\000\040\146\057\116\000\116\052\000V\116\012\166\204\227\136\220\000\123\026\166\204\116\214\153\041\127\213\000.\213\367\213\301\146\016\131\202\147\234\000\040\0000\000\040\000=\000e\0001\000\040\000V\000\040\156\341\215\263\000\040\000Q\000\050\000e\0001\000\040\000\051\000=\0000\000\040\220\243\116\110\000V\147\011\127\372\136\225\000e\0001\000,\000e\0002\000,\000e\0003\117\177\137\227\000\040\000Q\000\050\000x\0001\000\040\000e\0001\000\040\000+\000\040\000x\0002\000\040\000e\0002\000\040\000+\000\040\000x\0003\000\040\000e\0003\000\040\000\051\000=\000\040\000x\0001\000\040\000x\0003\000\040\000+\000a\000\040\000x\0002\0002\000.}{section.1.14}% 20
\BOOKMARK [2][-]{subsection.1.14.6}{\376\377\213\276\000k\146\057\116\000\116\052\201\363\134\021\147\011\0004\116\052\121\103\175\040\166\204\127\337\000,\000C\000:\000\050\000X\000Z\000=\000Y\0002\000\051\000P\0002\000k\000.\213\301\146\016\000:\131\202\147\234\000\040\000Q\000\050\000X\000,\000Y\000,\000Z\000\051\000\040\146\057\127\050\000C\116\012\116\072\0000\166\204\116\214\153\041\127\213\000,\122\031\000\040\000Q\000=\000\050\000X\000Z\000-\000Y\0002\000\051\000\040\000.}{section.1.14}% 21
